\BOOKMARK [0][-]{chapter*.3}{\376\377\000A\000c\000k\000n\000o\000w\000l\000e\000d\000g\000e\000m\000e\000n\000t\000s}{}% 1
\BOOKMARK [0][-]{chapter*.4}{\376\377\000P\000r\000e\000f\000a\000c\000e}{}% 2
\BOOKMARK [0][-]{chapter*.5}{\376\377\000A\000b\000s\000t\000r\000a\000c\000t}{}% 3
\BOOKMARK [0][-]{chapter.1}{\376\377\000I\000n\000t\000r\000o\000d\000u\000c\000t\000i\000o\000n}{}% 4
\BOOKMARK [1][-]{section.1.1}{\376\377\000A\000\040\000b\000r\000i\000e\000f\000\040\000h\000i\000s\000t\000o\000r\000y\000\040\000o\000f\000\040\000g\000e\000n\000e\000t\000i\000c\000s}{chapter.1}% 5
\BOOKMARK [1][-]{section.1.2}{\376\377\000C\000a\000u\000s\000e\000s\000\040\000o\000f\000\040\000v\000a\000r\000i\000a\000t\000i\000o\000n\000\040\000i\000n\000\040\000c\000o\000m\000p\000l\000e\000x\000\040\000t\000r\000a\000i\000t\000s}{chapter.1}% 6
\BOOKMARK [1][-]{section.1.3}{\376\377\000S\000t\000u\000d\000i\000e\000d\000\040\000p\000h\000e\000n\000o\000t\000y\000p\000e\000s}{chapter.1}% 7
\BOOKMARK [1][-]{section.1.4}{\376\377\000P\000o\000o\000r\000\040\000t\000r\000a\000n\000s\000f\000e\000r\000a\000b\000i\000l\000i\000t\000y\000\040\000o\000f\000\040\000p\000o\000l\000y\000g\000e\000n\000i\000c\000\040\000s\000c\000o\000r\000e\000s\000\040\000t\000o\000\040\000d\000i\000v\000e\000r\000s\000e\000\040\000h\000u\000m\000a\000n\000\040\000p\000o\000p\000u\000l\000a\000t\000i\000o\000n\000s}{chapter.1}% 8
\BOOKMARK [1][-]{section.1.5}{\376\377\000S\000u\000m\000m\000a\000r\000y\000\040\000o\000f\000\040\000r\000e\000s\000u\000l\000t\000s\000\040\000c\000h\000a\000p\000t\000e\000r\000s}{chapter.1}% 9
\BOOKMARK [0][-]{chapter.2}{\376\377\000G\000e\000n\000o\000m\000i\000c\000\040\000v\000a\000r\000i\000a\000t\000i\000o\000n\000s\000\040\000i\000n\000\040\000t\000h\000e\000\040\000M\000I\000K\000K\000\040\000p\000a\000n\000e\000l}{}% 10
\BOOKMARK [1][-]{section.2.1}{\376\377\000T\000h\000e\000\040\000M\000e\000d\000a\000k\000a\000\040\000I\000n\000b\000r\000e\000d\000\040\000K\000i\000y\000o\000s\000u\000-\000K\000a\000r\000l\000r\000u\000h\000e\000\040\000\050\000M\000I\000K\000K\000\051\000\040\000p\000a\000n\000e\000l}{chapter.2}% 11
\BOOKMARK [1][-]{section.2.2}{\376\377\000G\000e\000n\000o\000m\000i\000c\000\040\000c\000h\000a\000r\000a\000c\000t\000e\000r\000i\000s\000a\000t\000i\000o\000n\000\040\000o\000f\000\040\000t\000h\000e\000\040\000M\000I\000K\000K\000\040\000p\000a\000n\000e\000l}{chapter.2}% 12
\BOOKMARK [1][-]{section.2.3}{\376\377\000S\000t\000r\000u\000c\000t\000u\000r\000a\000l\000\040\000v\000a\000r\000i\000a\000t\000i\000o\000n\000\040\000i\000n\000\040\000t\000h\000e\000\040\000M\000I\000K\000K\000\040\000p\000a\000n\000e\000l}{chapter.2}% 13
\BOOKMARK [0][-]{chapter.3}{\376\377\000C\000l\000a\000s\000s\000i\000f\000i\000c\000a\000t\000i\000o\000n\000\040\000o\000f\000\040\000b\000o\000l\000d\000/\000s\000h\000y\000\040\000b\000e\000h\000a\000v\000i\000o\000u\000r\000s\000\040\000i\000n\000\040\0005\000\040\000e\000s\000t\000a\000b\000l\000i\000s\000h\000e\000d\000\040\000i\000n\000b\000r\000e\000d\000\040\000m\000e\000d\000a\000k\000a\000\040\000s\000t\000r\000a\000i\000n\000s}{}% 14
\BOOKMARK [1][-]{section.3.1}{\376\377\000D\000a\000t\000a\000\040\000c\000o\000l\000l\000e\000c\000t\000i\000o\000n}{chapter.3}% 15
\BOOKMARK [1][-]{section.3.2}{\376\377\000T\000r\000a\000c\000k\000i\000n\000g}{chapter.3}% 16
\BOOKMARK [1][-]{section.3.3}{\376\377\000E\000f\000f\000e\000c\000t\000\040\000o\000f\000\040\000c\000o\000v\000a\000r\000i\000a\000t\000e\000s}{chapter.3}% 17
\BOOKMARK [1][-]{section.3.4}{\376\377\000C\000h\000o\000i\000c\000e\000\040\000o\000f\000\040\000t\000i\000m\000e\000\040\000i\000n\000t\000e\000r\000v\000a\000l\000\040\000a\000n\000d\000\040\000n\000u\000m\000b\000e\000r\000\040\000o\000f\000\040\000H\000i\000d\000d\000e\000n\000\040\000M\000a\000r\000k\000o\000v\000\040\000M\000o\000d\000e\000l\000\040\000\050\000H\000M\000M\000\051\000\040\000s\000t\000a\000t\000e\000s}{chapter.3}% 18
\BOOKMARK [1][-]{section.3.5}{\376\377\000D\000i\000r\000e\000c\000t\000\040\000a\000n\000d\000\040\000s\000o\000c\000i\000a\000l\000\040\000g\000e\000n\000e\000t\000i\000c\000\040\000e\000f\000f\000e\000c\000t\000s\000\040\000o\000n\000\040\000b\000o\000l\000d\000/\000s\000h\000y\000\040\000b\000e\000h\000a\000v\000i\000o\000u\000r}{chapter.3}% 19
\BOOKMARK [0][-]{chapter.4}{\376\377\000G\000e\000n\000e\000t\000i\000c\000\040\000l\000o\000c\000i\000\040\000a\000s\000s\000o\000c\000i\000a\000t\000e\000d\000\040\000w\000i\000t\000h\000\040\000s\000o\000m\000i\000t\000e\000\040\000d\000e\000v\000e\000l\000o\000p\000m\000e\000n\000t\000\040\000p\000e\000r\000i\000o\000d\000i\000c\000i\000t\000y}{}% 20
\BOOKMARK [1][-]{section.4.1}{\376\377\000P\000h\000e\000n\000o\000t\000y\000p\000e\000s\000\040\000o\000f\000\040\000i\000n\000t\000e\000r\000e\000s\000t}{chapter.4}% 21
\BOOKMARK [1][-]{section.4.2}{\376\377\000G\000e\000n\000e\000t\000i\000c\000\040\000s\000e\000q\000u\000e\000n\000c\000i\000n\000g\000\040\000d\000a\000t\000a}{chapter.4}% 22
\BOOKMARK [1][-]{section.4.3}{\376\377\000F\0000\000\040\000h\000o\000m\000o\000z\000y\000g\000o\000s\000i\000t\000y\000\040\000a\000n\000d\000\040\000F\0001\000\040\000h\000e\000t\000e\000r\000o\000z\000y\000g\000o\000s\000i\000t\000y}{chapter.4}% 23
\BOOKMARK [1][-]{section.4.4}{\376\377\000F\0001\000\040\000h\000o\000m\000o\000z\000y\000g\000o\000s\000i\000t\000y}{chapter.4}% 24
\BOOKMARK [1][-]{section.4.5}{\376\377\000F\0002\000\040\000g\000e\000n\000o\000t\000y\000p\000i\000n\000g}{chapter.4}% 25
\BOOKMARK [1][-]{section.4.6}{\376\377\000G\000W\000A\000S}{chapter.4}% 26
\BOOKMARK [0][-]{chapter.5}{\376\377\000G\000e\000n\000e\000t\000i\000c\000\040\000l\000i\000n\000k\000a\000g\000e\000\040\000s\000t\000u\000d\000y\000\040\000o\000f\000\040\000b\000o\000l\000d\000/\000s\000h\000y\000\040\000b\000e\000h\000a\000v\000i\000o\000u\000r\000s\000\040\000i\000n\000\040\000t\000h\000e\000\040\000M\000I\000K\000K\000\040\000p\000a\000n\000e\000l}{}% 27
\BOOKMARK [1][-]{section.5.1}{\376\377\000D\000a\000t\000a\000\040\000c\000o\000l\000l\000e\000c\000t\000i\000o\000n\000\040\000-\000\040\000F\0000\000\040\000g\000e\000n\000e\000r\000a\000t\000i\000o\000n}{chapter.5}% 28
\BOOKMARK [1][-]{section.5.2}{\376\377\000H\000M\000M\000\040\000s\000t\000a\000t\000e\000s}{chapter.5}% 29
\BOOKMARK [1][-]{section.5.3}{\376\377\000S\000o\000c\000i\000a\000l\000\040\000g\000e\000n\000e\000t\000i\000c\000\040\000e\000f\000f\000e\000c\000t\000s}{chapter.5}% 30
\BOOKMARK [1][-]{section.5.4}{\376\377\000S\000e\000l\000e\000c\000t\000i\000o\000n\000\040\000o\000f\000\040\000l\000i\000n\000e\000s\000\040\000f\000o\000r\000\040\000t\000h\000e\000\040\000F\0002\000-\000c\000r\000o\000s\000s}{chapter.5}% 31
\BOOKMARK [1][-]{section.5.5}{\376\377\000D\000i\000r\000e\000c\000t\000\040\000g\000e\000n\000e\000t\000i\000c\000\040\000e\000f\000f\000e\000c\000t\000s}{chapter.5}% 32
\BOOKMARK [1][-]{section.5.6}{\376\377\000F\0002\000\040\000g\000e\000n\000e\000r\000a\000t\000i\000o\000n}{chapter.5}% 33
\BOOKMARK [1][-]{section.5.7}{\376\377\000D\000i\000s\000c\000u\000s\000s\000i\000o\000n}{chapter.5}% 34
\BOOKMARK [0][-]{chapter.6}{\376\377\000V\000a\000r\000i\000a\000t\000i\000o\000n\000\040\000i\000n\000\040\000t\000h\000e\000\040\000f\000r\000e\000q\000u\000e\000n\000c\000y\000\040\000o\000f\000\040\000t\000r\000a\000i\000t\000-\000a\000s\000s\000o\000c\000i\000a\000t\000e\000d\000\040\000a\000l\000l\000e\000l\000e\000s\000\040\000a\000c\000r\000o\000s\000s\000\040\000g\000l\000o\000b\000a\000l\000\040\000h\000u\000m\000a\000n\000\040\000p\000o\000p\000u\000l\000a\000t\000i\000o\000n\000s}{}% 35
\BOOKMARK [1][-]{section.6.1}{\376\377\000F\000\137\000\173\000S\000T\000\175\000\040\000d\000i\000s\000t\000r\000i\000b\000u\000t\000i\000o\000n\000\040\000f\000o\000r\000\040\000a\000l\000l\000\040\000S\000N\000P\000s\000\040\000i\000n\000\040\000t\000h\000e\000\040\000h\000u\000m\000a\000n\000\040\000g\000e\000n\000o\000m\000e}{chapter.6}% 36
\BOOKMARK [1][-]{section.6.2}{\376\377\000A\000n\000a\000l\000y\000s\000i\000s}{chapter.6}% 37
\BOOKMARK [0][-]{chapter*.119}{\376\377\000C\000o\000n\000c\000l\000u\000s\000i\000o\000n\000s}{}% 38
\BOOKMARK [1][-]{section*.120}{\376\377\000C\000h\000a\000p\000t\000e\000r\000\040\0002}{chapter*.119}% 39
\BOOKMARK [1][-]{section*.120}{\376\377\000C\000h\000a\000p\000t\000e\000r\000\040\0003}{chapter*.119}% 40
\BOOKMARK [1][-]{section*.120}{\376\377\000C\000h\000a\000p\000t\000e\000r\000\040\0004}{chapter*.119}% 41
\BOOKMARK [1][-]{section*.120}{\376\377\000C\000h\000a\000p\000t\000e\000r\000\040\0005}{chapter*.119}% 42
\BOOKMARK [1][-]{subsection.6.2.5}{\376\377\000C\000h\000a\000p\000t\000e\000r\000\040\0006}{chapter*.119}% 43
\BOOKMARK [0][-]{chapter*.121}{\376\377\000R\000e\000f\000e\000r\000e\000n\000c\000e\000s}{}% 44
\BOOKMARK [0][-]{appendix.A}{\376\377\000C\000h\000a\000p\000t\000e\000r\000\040\0002\000\040\000s\000u\000p\000p\000l\000e\000m\000e\000n\000t\000a\000r\000y\000\040\000i\000n\000f\000o\000r\000m\000a\000t\000i\000o\000n}{}% 45
\BOOKMARK [0][-]{appendix.B}{\376\377\000C\000h\000a\000p\000t\000e\000r\000\040\0005\000\040\000s\000u\000p\000p\000l\000e\000m\000e\000n\000t\000a\000r\000y\000\040\000i\000n\000f\000o\000r\000m\000a\000t\000i\000o\000n}{}% 46
\BOOKMARK [1][-]{section.B.1}{\376\377\0001\0005\000\040\000H\000M\000M\000\040\000s\000t\000a\000t\000e\000s\000\040\000w\000i\000t\000h\000\040\0000\000.\0000\0005\000\040\000s\000e\000c\000o\000n\000d\000\040\000i\000n\000t\000e\000r\000v\000a\000l}{appendix.B}% 47
\BOOKMARK [1][-]{section.B.2}{\376\377\000F\000o\000u\000r\000-\000p\000a\000n\000e\000l\000\040\000p\000l\000o\000t\000s\000\040\000f\000o\000r\000\040\000M\000I\000K\000K\000\040\000l\000i\000n\000e\000s\000\040\000s\000e\000l\000e\000c\000t\000e\000d\000\040\000f\000o\000r\000\040\000t\000h\000e\000\040\000F\0002\000\040\000c\000r\000o\000s\000s}{appendix.B}% 48
\BOOKMARK [1][-]{section.B.3}{\376\377\000H\000M\000M\000\040\000s\000t\000a\000t\000e\000\040\000t\000i\000m\000e\000\040\000d\000e\000p\000e\000n\000d\000e\000n\000c\000e\000\040\000f\000o\000r\000\040\000a\000l\000l\000\040\000M\000I\000K\000K\000\040\000p\000a\000n\000e\000l\000\040\000l\000i\000n\000e\000s}{appendix.B}% 49
\BOOKMARK [1][-]{section.B.4}{\376\377\000F\0002\000\040\000r\000e\000c\000o\000m\000b\000i\000n\000a\000t\000i\000o\000n\000\040\000k\000a\000r\000y\000o\000p\000l\000o\000t\000\040\000w\000i\000t\000h\000\040\000m\000i\000s\000s\000i\000n\000g\000\040\000c\000a\000l\000l\000s}{appendix.B}% 50
\BOOKMARK [1][-]{section.B.5}{\376\377\000L\000O\000C\000O\000\040\000G\000R\000M\000\040\000f\000o\000r\000\040\000c\000h\000r\000o\000m\000o\000s\000o\000m\000e\000\040\0001}{appendix.B}% 51
\BOOKMARK [0][-]{appendix.C}{\376\377\000C\000h\000a\000p\000t\000e\000r\000\040\0006\000\040\000s\000u\000p\000p\000l\000e\000m\000e\000n\000t\000a\000r\000y\000\040\000i\000n\000f\000o\000r\000m\000a\000t\000i\000o\000n}{}% 52
\BOOKMARK [1][-]{section.C.1}{\376\377\000e\000C\000D\000F\000\040\000o\000f\000\040\000a\000l\000l\000\040\000p\000o\000l\000y\000g\000e\000n\000i\000c\000\040\000t\000r\000a\000i\000t\000s\000\040\000i\000n\000\040\000t\000h\000e\000\040\000G\000W\000A\000S\000\040\000C\000a\000t\000a\000l\000o\000g\000\040\000r\000a\000n\000k\000e\000d\000\040\000b\000y\000\040\000\173\000D\000\137\000t\000\136\000S\000\175}{appendix.C}% 53
