This is XeTeX, Version 3.141592653-2.6-0.999994 (TeX Live 2022) (preloaded format=xelatex 2022.9.9)  14 SEP 2022 17:58
entering extended mode
 restricted \write18 enabled.
 %&-line parsing enabled.
**PhD-thesis.tex
(./PhD-thesis.tex
LaTeX2e <2022-06-01> patch level 5
L3 programming layer <2022-08-30> (/Users/brettell/Library/TinyTeX/texmf-dist/tex/latex/base/book.cls
Document Class: book 2021/10/04 v1.4n Standard LaTeX document class
(/Users/brettell/Library/TinyTeX/texmf-dist/tex/latex/base/bk10.clo
File: bk10.clo 2021/10/04 v1.4n Standard LaTeX file (size option)
)
\c@part=\count181
\c@chapter=\count182
\c@section=\count183
\c@subsection=\count184
\c@subsubsection=\count185
\c@paragraph=\count186
\c@subparagraph=\count187
\c@figure=\count188
\c@table=\count189
\abovecaptionskip=\skip47
\belowcaptionskip=\skip48
\bibindent=\dimen138
) (/Users/brettell/Library/TinyTeX/texmf-dist/tex/latex/amsmath/amsmath.sty
Package: amsmath 2022/04/08 v2.17n AMS math features
\@mathmargin=\skip49
For additional information on amsmath, use the `?' option.
(/Users/brettell/Library/TinyTeX/texmf-dist/tex/latex/amsmath/amstext.sty
Package: amstext 2021/08/26 v2.01 AMS text
(/Users/brettell/Library/TinyTeX/texmf-dist/tex/latex/amsmath/amsgen.sty
File: amsgen.sty 1999/11/30 v2.0 generic functions
\@emptytoks=\toks16
\ex@=\dimen139
)) (/Users/brettell/Library/TinyTeX/texmf-dist/tex/latex/amsmath/amsbsy.sty
Package: amsbsy 1999/11/29 v1.2d Bold Symbols
\pmbraise@=\dimen140
) (/Users/brettell/Library/TinyTeX/texmf-dist/tex/latex/amsmath/amsopn.sty
Package: amsopn 2022/04/08 v2.04 operator names
)
\inf@bad=\count190
LaTeX Info: Redefining \frac on input line 234.
\uproot@=\count191
\leftroot@=\count192
LaTeX Info: Redefining \overline on input line 399.
LaTeX Info: Redefining \colon on input line 410.
\classnum@=\count193
\DOTSCASE@=\count194
LaTeX Info: Redefining \ldots on input line 496.
LaTeX Info: Redefining \dots on input line 499.
LaTeX Info: Redefining \cdots on input line 620.
\Mathstrutbox@=\box51
\strutbox@=\box52
LaTeX Info: Redefining \big on input line 722.
LaTeX Info: Redefining \Big on input line 723.
LaTeX Info: Redefining \bigg on input line 724.
LaTeX Info: Redefining \Bigg on input line 725.
\big@size=\dimen141
LaTeX Font Info:    Redeclaring font encoding OML on input line 743.
LaTeX Font Info:    Redeclaring font encoding OMS on input line 744.
\macc@depth=\count195
LaTeX Info: Redefining \bmod on input line 905.
LaTeX Info: Redefining \pmod on input line 910.
LaTeX Info: Redefining \smash on input line 940.
LaTeX Info: Redefining \relbar on input line 970.
LaTeX Info: Redefining \Relbar on input line 971.
\c@MaxMatrixCols=\count196
\dotsspace@=\muskip16
\c@parentequation=\count197
\dspbrk@lvl=\count198
\tag@help=\toks17
\row@=\count199
\column@=\count266
\maxfields@=\count267
\andhelp@=\toks18
\eqnshift@=\dimen142
\alignsep@=\dimen143
\tagshift@=\dimen144
\tagwidth@=\dimen145
\totwidth@=\dimen146
\lineht@=\dimen147
\@envbody=\toks19
\multlinegap=\skip50
\multlinetaggap=\skip51
\mathdisplay@stack=\toks20
LaTeX Info: Redefining \[ on input line 2953.
LaTeX Info: Redefining \] on input line 2954.
) (/Users/brettell/Library/TinyTeX/texmf-dist/tex/latex/amsfonts/amssymb.sty
Package: amssymb 2013/01/14 v3.01 AMS font symbols
(/Users/brettell/Library/TinyTeX/texmf-dist/tex/latex/amsfonts/amsfonts.sty
Package: amsfonts 2013/01/14 v3.01 Basic AMSFonts support
\symAMSa=\mathgroup4
\symAMSb=\mathgroup5
LaTeX Font Info:    Redeclaring math symbol \hbar on input line 98.
LaTeX Font Info:    Overwriting math alphabet `\mathfrak' in version `bold'
(Font)                  U/euf/m/n --> U/euf/b/n on input line 106.
)) (/Users/brettell/Library/TinyTeX/texmf-dist/tex/latex/lm/lmodern.sty
Package: lmodern 2015/05/01 v1.6.1 Latin Modern Fonts
LaTeX Font Info:    Overwriting symbol font `operators' in version `normal'
(Font)                  OT1/cmr/m/n --> OT1/lmr/m/n on input line 22.
LaTeX Font Info:    Overwriting symbol font `letters' in version `normal'
(Font)                  OML/cmm/m/it --> OML/lmm/m/it on input line 23.
LaTeX Font Info:    Overwriting symbol font `symbols' in version `normal'
(Font)                  OMS/cmsy/m/n --> OMS/lmsy/m/n on input line 24.
LaTeX Font Info:    Overwriting symbol font `largesymbols' in version `normal'
(Font)                  OMX/cmex/m/n --> OMX/lmex/m/n on input line 25.
LaTeX Font Info:    Overwriting symbol font `operators' in version `bold'
(Font)                  OT1/cmr/bx/n --> OT1/lmr/bx/n on input line 26.
LaTeX Font Info:    Overwriting symbol font `letters' in version `bold'
(Font)                  OML/cmm/b/it --> OML/lmm/b/it on input line 27.
LaTeX Font Info:    Overwriting symbol font `symbols' in version `bold'
(Font)                  OMS/cmsy/b/n --> OMS/lmsy/b/n on input line 28.
LaTeX Font Info:    Overwriting symbol font `largesymbols' in version `bold'
(Font)                  OMX/cmex/m/n --> OMX/lmex/m/n on input line 29.
LaTeX Font Info:    Overwriting math alphabet `\mathbf' in version `normal'
(Font)                  OT1/cmr/bx/n --> OT1/lmr/bx/n on input line 31.
LaTeX Font Info:    Overwriting math alphabet `\mathsf' in version `normal'
(Font)                  OT1/cmss/m/n --> OT1/lmss/m/n on input line 32.
LaTeX Font Info:    Overwriting math alphabet `\mathit' in version `normal'
(Font)                  OT1/cmr/m/it --> OT1/lmr/m/it on input line 33.
LaTeX Font Info:    Overwriting math alphabet `\mathtt' in version `normal'
(Font)                  OT1/cmtt/m/n --> OT1/lmtt/m/n on input line 34.
LaTeX Font Info:    Overwriting math alphabet `\mathbf' in version `bold'
(Font)                  OT1/cmr/bx/n --> OT1/lmr/bx/n on input line 35.
LaTeX Font Info:    Overwriting math alphabet `\mathsf' in version `bold'
(Font)                  OT1/cmss/bx/n --> OT1/lmss/bx/n on input line 36.
LaTeX Font Info:    Overwriting math alphabet `\mathit' in version `bold'
(Font)                  OT1/cmr/bx/it --> OT1/lmr/bx/it on input line 37.
LaTeX Font Info:    Overwriting math alphabet `\mathtt' in version `bold'
(Font)                  OT1/cmtt/m/n --> OT1/lmtt/m/n on input line 38.
) (/Users/brettell/Library/TinyTeX/texmf-dist/tex/generic/iftex/iftex.sty
Package: iftex 2022/02/03 v1.0f TeX engine tests
) (/Users/brettell/Library/TinyTeX/texmf-dist/tex/latex/unicode-math/unicode-math.sty (/Users/brettell/Library/TinyTeX/texmf-dist/tex/latex/l3kernel/expl3.sty
Package: expl3 2022-08-30 L3 programming layer (loader) 
(/Users/brettell/Library/TinyTeX/texmf-dist/tex/latex/l3backend/l3backend-xetex.def
File: l3backend-xetex.def 2022-08-30 L3 backend support: XeTeX
\g__graphics_track_int=\count268
\l__pdf_internal_box=\box53
\g__pdf_backend_object_int=\count269
\g__pdf_backend_annotation_int=\count270
\g__pdf_backend_link_int=\count271
))
Package: unicode-math 2020/01/31 v0.8q Unicode maths in XeLaTeX and LuaLaTeX
(/Users/brettell/Library/TinyTeX/texmf-dist/tex/latex/unicode-math/unicode-math-xetex.sty
Package: unicode-math-xetex 2020/01/31 v0.8q Unicode maths in XeLaTeX and LuaLaTeX
(/Users/brettell/Library/TinyTeX/texmf-dist/tex/latex/l3packages/xparse/xparse.sty
Package: xparse 2022-06-22 L3 Experimental document command parser
) (/Users/brettell/Library/TinyTeX/texmf-dist/tex/latex/l3packages/l3keys2e/l3keys2e.sty
Package: l3keys2e 2022-06-22 LaTeX2e option processing using LaTeX3 keys
) (/Users/brettell/Library/TinyTeX/texmf-dist/tex/latex/fontspec/fontspec.sty
Package: fontspec 2022/01/15 v2.8a Font selection for XeLaTeX and LuaLaTeX
(/Users/brettell/Library/TinyTeX/texmf-dist/tex/latex/fontspec/fontspec-xetex.sty
Package: fontspec-xetex 2022/01/15 v2.8a Font selection for XeLaTeX and LuaLaTeX
\l__fontspec_script_int=\count272
\l__fontspec_language_int=\count273
\l__fontspec_strnum_int=\count274
\l__fontspec_tmp_int=\count275
\l__fontspec_tmpa_int=\count276
\l__fontspec_tmpb_int=\count277
\l__fontspec_tmpc_int=\count278
\l__fontspec_em_int=\count279
\l__fontspec_emdef_int=\count280
\l__fontspec_strong_int=\count281
\l__fontspec_strongdef_int=\count282
\l__fontspec_tmpa_dim=\dimen148
\l__fontspec_tmpb_dim=\dimen149
\l__fontspec_tmpc_dim=\dimen150
(/Users/brettell/Library/TinyTeX/texmf-dist/tex/latex/base/fontenc.sty
Package: fontenc 2021/04/29 v2.0v Standard LaTeX package
) (/Users/brettell/Library/TinyTeX/texmf-dist/tex/latex/fontspec/fontspec.cfg))) (/Users/brettell/Library/TinyTeX/texmf-dist/tex/latex/base/fix-cm.sty
Package: fix-cm 2020/11/24 v1.1t fixes to LaTeX
(/Users/brettell/Library/TinyTeX/texmf-dist/tex/latex/base/ts1enc.def
File: ts1enc.def 2001/06/05 v3.0e (jk/car/fm) Standard LaTeX file
LaTeX Font Info:    Redeclaring font encoding TS1 on input line 47.
))
\g__um_fam_int=\count283
\g__um_fonts_used_int=\count284
\l__um_primecount_int=\count285
\g__um_primekern_muskip=\muskip17
(/Users/brettell/Library/TinyTeX/texmf-dist/tex/latex/unicode-math/unicode-math-table.tex)))

Package fontspec Info: Libre Baskerville scale = 0.8132042770525879.


Package fontspec Info: Libre Baskerville scale = 0.8132042770525879.


Package fontspec Info: Libre Baskerville/B scale = 0.8132042770525879.


Package fontspec Info: Libre Baskerville/I scale = 0.8132042770525879.


Package fontspec Info: Libre Baskerville/BI scale = 0.8132042770525879.


Package fontspec Info: Font family 'LibreBaskerville(0)' created for font
(fontspec)             'Libre Baskerville' with options
(fontspec)             [Scale=MatchLowercase,Ligatures=TeX,Scale=1].
(fontspec)              
(fontspec)              This font family consists of the following NFSS
(fontspec)             series/shapes:
(fontspec)              
(fontspec)             - 'normal' (m/n) with NFSS spec.: <->s*[1]"Libre
(fontspec)             Baskerville/OT:script=latn;language=dflt;mapping=tex-text;"
(fontspec)             - 'small caps'  (m/sc) with NFSS spec.: 
(fontspec)             - 'bold' (b/n) with NFSS spec.: <->s*[1]"Libre
(fontspec)             Baskerville/B/OT:script=latn;language=dflt;mapping=tex-text;"
(fontspec)             - 'bold small caps'  (b/sc) with NFSS spec.: 
(fontspec)             - 'italic' (m/it) with NFSS spec.: <->s*[1]"Libre
(fontspec)             Baskerville/I/OT:script=latn;language=dflt;mapping=tex-text;"
(fontspec)             - 'italic small caps'  (m/scit) with NFSS spec.: 
(fontspec)             - 'bold italic' (b/it) with NFSS spec.: <->s*[1]"Libre
(fontspec)             Baskerville/BI/OT:script=latn;language=dflt;mapping=tex-text;"
(fontspec)             - 'bold italic small caps'  (b/scit) with NFSS spec.: 

LaTeX Font Info:    Font shape `TU/LibreBaskerville(0)/m/n' will be
(Font)              scaled to size 10.0pt on input line 19.

Package fontspec Info: Libre Baskerville scale = 0.9999971209931421.


Package fontspec Info: Libre Baskerville scale = 0.9999971209931421.


Package fontspec Info: Libre Baskerville/B scale = 0.9999971209931421.


Package fontspec Info: Libre Baskerville/I scale = 0.9999971209931421.


Package fontspec Info: Libre Baskerville/BI scale = 0.9999971209931421.


Package fontspec Info: Font family 'LibreBaskerville(1)' created for font
(fontspec)             'Libre Baskerville' with options
(fontspec)             [Scale=MatchLowercase].
(fontspec)              
(fontspec)              This font family consists of the following NFSS
(fontspec)             series/shapes:
(fontspec)              
(fontspec)             - 'normal' (m/n) with NFSS spec.:
(fontspec)             <->s*[0.9999971209931421]"Libre
(fontspec)             Baskerville/OT:script=latn;language=dflt;"
(fontspec)             - 'small caps'  (m/sc) with NFSS spec.: 
(fontspec)             - 'bold' (b/n) with NFSS spec.:
(fontspec)             <->s*[0.9999971209931421]"Libre
(fontspec)             Baskerville/B/OT:script=latn;language=dflt;"
(fontspec)             - 'bold small caps'  (b/sc) with NFSS spec.: 
(fontspec)             - 'italic' (m/it) with NFSS spec.:
(fontspec)             <->s*[0.9999971209931421]"Libre
(fontspec)             Baskerville/I/OT:script=latn;language=dflt;"
(fontspec)             - 'italic small caps'  (m/scit) with NFSS spec.: 
(fontspec)             - 'bold italic' (b/it) with NFSS spec.:
(fontspec)             <->s*[0.9999971209931421]"Libre
(fontspec)             Baskerville/BI/OT:script=latn;language=dflt;"
(fontspec)             - 'bold italic small caps'  (b/scit) with NFSS spec.: 

LaTeX Font Info:    Overwriting math alphabet `\mathrm' in version `normal'
(Font)                  OT1/lmr/m/n --> TU/LibreBaskerville(1)/m/n on input line 19.
LaTeX Font Info:    Overwriting math alphabet `\mathit' in version `normal'
(Font)                  OT1/lmr/m/it --> TU/LibreBaskerville(1)/m/it on input line 19.
LaTeX Font Info:    Overwriting math alphabet `\mathbf' in version `normal'
(Font)                  OT1/lmr/bx/n --> TU/LibreBaskerville(1)/b/n on input line 19.
(/Users/brettell/Library/TinyTeX/texmf-dist/tex/latex/xcolor/xcolor.sty
Package: xcolor 2022/06/12 v2.14 LaTeX color extensions (UK)
(/Users/brettell/Library/TinyTeX/texmf-dist/tex/latex/graphics-cfg/color.cfg
File: color.cfg 2016/01/02 v1.6 sample color configuration
)
Package xcolor Info: Driver file: xetex.def on input line 227.
(/Users/brettell/Library/TinyTeX/texmf-dist/tex/latex/graphics-def/xetex.def
File: xetex.def 2022/04/16 v5.0m Graphics/color driver for xetex
) (/Users/brettell/Library/TinyTeX/texmf-dist/tex/latex/graphics/mathcolor.ltx)
Package xcolor Info: Model `cmy' substituted by `cmy0' on input line 1353.
Package xcolor Info: Model `RGB' extended on input line 1369.
Package xcolor Info: Model `HTML' substituted by `rgb' on input line 1371.
Package xcolor Info: Model `Hsb' substituted by `hsb' on input line 1372.
Package xcolor Info: Model `tHsb' substituted by `hsb' on input line 1373.
Package xcolor Info: Model `HSB' substituted by `hsb' on input line 1374.
Package xcolor Info: Model `Gray' substituted by `gray' on input line 1375.
Package xcolor Info: Model `wave' substituted by `hsb' on input line 1376.
) (/Users/brettell/Library/TinyTeX/texmf-dist/tex/latex/geometry/geometry.sty
Package: geometry 2020/01/02 v5.9 Page Geometry
(/Users/brettell/Library/TinyTeX/texmf-dist/tex/latex/graphics/keyval.sty
Package: keyval 2022/05/29 v1.15 key=value parser (DPC)
\KV@toks@=\toks21
) (/Users/brettell/Library/TinyTeX/texmf-dist/tex/generic/iftex/ifvtex.sty
Package: ifvtex 2019/10/25 v1.7 ifvtex legacy package. Use iftex instead.
)
\Gm@cnth=\count286
\Gm@cntv=\count287
\c@Gm@tempcnt=\count288
\Gm@bindingoffset=\dimen151
\Gm@wd@mp=\dimen152
\Gm@odd@mp=\dimen153
\Gm@even@mp=\dimen154
\Gm@layoutwidth=\dimen155
\Gm@layoutheight=\dimen156
\Gm@layouthoffset=\dimen157
\Gm@layoutvoffset=\dimen158
\Gm@dimlist=\toks22
) (/Users/brettell/Library/TinyTeX/texmf-dist/tex/latex/listings/listings.sty
\lst@mode=\count289
\lst@gtempboxa=\box54
\lst@token=\toks23
\lst@length=\count290
\lst@currlwidth=\dimen159
\lst@column=\count291
\lst@pos=\count292
\lst@lostspace=\dimen160
\lst@width=\dimen161
\lst@newlines=\count293
\lst@lineno=\count294
\lst@maxwidth=\dimen162
(/Users/brettell/Library/TinyTeX/texmf-dist/tex/latex/listings/lstmisc.sty
File: lstmisc.sty 2020/03/24 1.8d (Carsten Heinz)
\c@lstnumber=\count295
\lst@skipnumbers=\count296
\lst@framebox=\box55
) (/Users/brettell/Library/TinyTeX/texmf-dist/tex/latex/listings/listings.cfg
File: listings.cfg 2020/03/24 1.8d listings configuration
))
Package: listings 2020/03/24 1.8d (Carsten Heinz)
(/Users/brettell/Library/TinyTeX/texmf-dist/tex/latex/tools/longtable.sty
Package: longtable 2021-09-01 v4.17 Multi-page Table package (DPC)
\LTleft=\skip52
\LTright=\skip53
\LTpre=\skip54
\LTpost=\skip55
\LTchunksize=\count297
\LTcapwidth=\dimen163
\LT@head=\box56
\LT@firsthead=\box57
\LT@foot=\box58
\LT@lastfoot=\box59
\LT@gbox=\box60
\LT@cols=\count298
\LT@rows=\count299
\c@LT@tables=\count300
\c@LT@chunks=\count301
\LT@p@ftn=\toks24
) (/Users/brettell/Library/TinyTeX/texmf-dist/tex/latex/booktabs/booktabs.sty
Package: booktabs 2020/01/12 v1.61803398 Publication quality tables
\heavyrulewidth=\dimen164
\lightrulewidth=\dimen165
\cmidrulewidth=\dimen166
\belowrulesep=\dimen167
\belowbottomsep=\dimen168
\aboverulesep=\dimen169
\abovetopsep=\dimen170
\cmidrulesep=\dimen171
\cmidrulekern=\dimen172
\defaultaddspace=\dimen173
\@cmidla=\count302
\@cmidlb=\count303
\@aboverulesep=\dimen174
\@belowrulesep=\dimen175
\@thisruleclass=\count304
\@lastruleclass=\count305
\@thisrulewidth=\dimen176
) (/Users/brettell/Library/TinyTeX/texmf-dist/tex/latex/tools/array.sty
Package: array 2022/03/10 v2.5f Tabular extension package (FMi)
\col@sep=\dimen177
\ar@mcellbox=\box61
\extrarowheight=\dimen178
\NC@list=\toks25
\extratabsurround=\skip56
\backup@length=\skip57
\ar@cellbox=\box62
) (/Users/brettell/Library/TinyTeX/texmf-dist/tex/latex/tools/calc.sty
Package: calc 2017/05/25 v4.3 Infix arithmetic (KKT,FJ)
\calc@Acount=\count306
\calc@Bcount=\count307
\calc@Adimen=\dimen179
\calc@Bdimen=\dimen180
\calc@Askip=\skip58
\calc@Bskip=\skip59
LaTeX Info: Redefining \setlength on input line 80.
LaTeX Info: Redefining \addtolength on input line 81.
\calc@Ccount=\count308
\calc@Cskip=\skip60
) (/Users/brettell/Library/TinyTeX/texmf-dist/tex/latex/etoolbox/etoolbox.sty
Package: etoolbox 2020/10/05 v2.5k e-TeX tools for LaTeX (JAW)
\etb@tempcnta=\count309
) (/Users/brettell/Library/TinyTeX/texmf-dist/tex/latex/mdwtools/footnote.sty
Package: footnote 1997/01/28 1.13 Save footnotes around boxes
\fn@notes=\box63
\fn@width=\dimen181
) (/Users/brettell/Library/TinyTeX/texmf-dist/tex/latex/graphics/graphicx.sty
Package: graphicx 2021/09/16 v1.2d Enhanced LaTeX Graphics (DPC,SPQR)
(/Users/brettell/Library/TinyTeX/texmf-dist/tex/latex/graphics/graphics.sty
Package: graphics 2022/03/10 v1.4e Standard LaTeX Graphics (DPC,SPQR)
(/Users/brettell/Library/TinyTeX/texmf-dist/tex/latex/graphics/trig.sty
Package: trig 2021/08/11 v1.11 sin cos tan (DPC)
) (/Users/brettell/Library/TinyTeX/texmf-dist/tex/latex/graphics-cfg/graphics.cfg
File: graphics.cfg 2016/06/04 v1.11 sample graphics configuration
)
Package graphics Info: Driver file: xetex.def on input line 107.
)
\Gin@req@height=\dimen182
\Gin@req@width=\dimen183
)
\cslhangindent=\skip61
\csllabelwidth=\skip62
\cslentryspacingunit=\skip63
(/Users/brettell/Library/TinyTeX/texmf-dist/tex/latex/float/float.sty
Package: float 2001/11/08 v1.3d Float enhancements (AL)
\c@float@type=\count310
\float@exts=\toks26
\float@box=\box64
\@float@everytoks=\toks27
\@floatcapt=\box65
) (/Users/brettell/Library/TinyTeX/texmf-dist/tex/latex/setspace/setspace.sty
Package: setspace 2011/12/19 v6.7a set line spacing
) (/Users/brettell/Library/TinyTeX/texmf-dist/tex/latex/titlesec/titlesec.sty
Package: titlesec 2021/07/05 v2.14 Sectioning titles
\ttl@box=\box66
\beforetitleunit=\skip64
\aftertitleunit=\skip65
\ttl@plus=\dimen184
\ttl@minus=\dimen185
\ttl@toksa=\toks28
\titlewidth=\dimen186
\titlewidthlast=\dimen187
\titlewidthfirst=\dimen188
) (/Users/brettell/Library/TinyTeX/texmf-dist/tex/latex/l3packages/xfrac/xfrac.sty (/Users/brettell/Library/TinyTeX/texmf-dist/tex/latex/base/textcomp.sty
Package: textcomp 2020/02/02 v2.0n Standard LaTeX package
) (/Users/brettell/Library/TinyTeX/texmf-dist/tex/latex/l3packages/xtemplate/xtemplate.sty
Package: xtemplate 2022-06-22 L3 Experimental prototype document functions
\l__xtemplate_tmp_dim=\dimen189
\l__xtemplate_tmp_int=\count311
\l__xtemplate_tmp_muskip=\muskip18
\l__xtemplate_tmp_skip=\skip66
)
Package: xfrac 2022-06-22 L3 Experimental split-level fractions
\l__xfrac_slash_box=\box67
\l__xfrac_tmp_box=\box68
\l__xfrac_denominator_bot_sep_dim=\dimen190
\l__xfrac_numerator_bot_sep_dim=\dimen191
\l__xfrac_numerator_top_sep_dim=\dimen192
\l__xfrac_slash_left_sep_dim=\dimen193
\l__xfrac_slash_right_sep_dim=\dimen194
\l__xfrac_slash_left_muskip=\muskip19
\l__xfrac_slash_right_muskip=\muskip20

Package xtemplate Info: Declaring object type 'xfrac' taking 3 argument(s) on
(xtemplate)             line 80.

) (/Users/brettell/Library/TinyTeX/texmf-dist/tex/latex/caption/caption.sty
Package: caption 2022/03/01 v3.6b Customizing captions (AR)
(/Users/brettell/Library/TinyTeX/texmf-dist/tex/latex/caption/caption3.sty
Package: caption3 2022/03/17 v2.3b caption3 kernel (AR)
\caption@tempdima=\dimen195
\captionmargin=\dimen196
\caption@leftmargin=\dimen197
\caption@rightmargin=\dimen198
\caption@width=\dimen199
\caption@indent=\dimen256
\caption@parindent=\dimen257
\caption@hangindent=\dimen258
Package caption Info: Standard document class detected.
)
\c@caption@flags=\count312
\c@continuedfloat=\count313
Package caption Info: float package is loaded.
Package caption Info: listings package is loaded.
Package caption Info: longtable package is loaded.
(/Users/brettell/Library/TinyTeX/texmf-dist/tex/latex/caption/ltcaption.sty
Package: ltcaption 2021/01/08 v1.4c longtable captions (AR)
)) (/Users/brettell/Library/TinyTeX/texmf-dist/tex/latex/base/flafter.sty
Package: flafter 2021/07/31 v1.4e Standard LaTeX floats after reference (FMi)
Applying: [2015/01/01] float order in 2-column on input line 49.
Already applied: [0000/00/00] float order in 2-column on input line 151.
) (/Users/brettell/Library/TinyTeX/texmf-dist/tex/latex/placeins/placeins.sty
Package: placeins 2005/04/18  v 2.2
) (/Users/brettell/Library/TinyTeX/texmf-dist/tex/latex/wrapfig/wrapfig.sty
\wrapoverhang=\dimen259
\WF@size=\dimen260
\c@WF@wrappedlines=\count314
\WF@box=\box69
\WF@everypar=\toks29
Package: wrapfig 2003/01/31  v 3.6
) (/Users/brettell/Library/TinyTeX/texmf-dist/tex/latex/lipsum/lipsum.sty
Package: lipsum 2021-09-20 v2.7 150 paragraphs of Lorem Ipsum dummy text
\g__lipsum_par_int=\count315
\l__lipsum_a_int=\count316
\l__lipsum_b_int=\count317
(/Users/brettell/Library/TinyTeX/texmf-dist/tex/latex/lipsum/lipsum.ltd.tex)) (/Users/brettell/Library/TinyTeX/texmf-dist/tex/latex/titling/titling.sty
Package: titling 2009/09/04 v2.1d maketitle typesetting
\thanksmarkwidth=\skip67
\thanksmargin=\skip68
\droptitle=\skip69
) (/Users/brettell/Library/TinyTeX/texmf-dist/tex/latex/caption/subcaption.sty
Package: subcaption 2022/01/07 v1.5 Sub-captions (AR)
\c@subfigure=\count318
\c@subtable=\count319
) (/Users/brettell/Library/TinyTeX/texmf-dist/tex/latex/multirow/multirow.sty
Package: multirow 2021/03/15 v2.8 Span multiple rows of a table
\multirow@colwidth=\skip70
\multirow@cntb=\count320
\multirow@dima=\skip71
\bigstrutjot=\dimen261
) (/Users/brettell/Library/TinyTeX/texmf-dist/tex/latex/colortbl/colortbl.sty
Package: colortbl 2022/06/20 v1.0f Color table columns (DPC)
\everycr=\toks30
\minrowclearance=\skip72
\rownum=\count321
) (/Users/brettell/Library/TinyTeX/texmf-dist/tex/latex/pdflscape/pdflscape.sty
Package: pdflscape 2019/12/05 v0.12 Display of landscape pages in PDF (HO)
(/Users/brettell/Library/TinyTeX/texmf-dist/tex/latex/graphics/lscape.sty
Package: lscape 2020/05/28 v3.02 Landscape Pages (DPC)
)
Package pdflscape Info: Auto-detected driver: dvipdfm (xetex) on input line 98.
(/Users/brettell/Library/TinyTeX/texmf-dist/tex/latex/base/atbegshi-ltx.sty
Package: atbegshi-ltx 2021/01/10 v1.0c Emulation of the original atbegshi
package with kernel methods
)) (/Users/brettell/Library/TinyTeX/texmf-dist/tex/latex/tabu/tabu.sty
Package: tabu 2019/01/11 v2.9 - flexible LaTeX tabulars (FC+tabu-fixed)
(/Users/brettell/Library/TinyTeX/texmf-dist/tex/latex/varwidth/varwidth.sty
Package: varwidth 2009/03/30 ver 0.92;  Variable-width minipages
\@vwid@box=\box70
\sift@deathcycles=\count322
\@vwid@loff=\dimen262
\@vwid@roff=\dimen263
)
\c@taburow=\count323
\tabu@nbcols=\count324
\tabu@cnt=\count325
\tabu@Xcol=\count326
\tabu@alloc=\count327
\tabu@nested=\count328
\tabu@target=\dimen264
\tabu@spreadtarget=\dimen265
\tabu@naturalX=\dimen266
\tabucolX=\dimen267
\tabu@Xsum=\dimen268
\extrarowdepth=\dimen269
\abovetabulinesep=\dimen270
\belowtabulinesep=\dimen271
\tabustrutrule=\dimen272
\tabu@thebody=\toks31
\tabu@footnotes=\toks32
\tabu@box=\box71
\tabu@arstrutbox=\box72
\tabu@hleads=\box73
\tabu@vleads=\box74
\tabu@cellskip=\skip73
) (/Users/brettell/Library/TinyTeX/texmf-dist/tex/latex/threeparttable/threeparttable.sty
Package: threeparttable 2003/06/13  v 3.0
\@tempboxb=\box75
) (/Users/brettell/Library/TinyTeX/texmf-dist/tex/latex/threeparttablex/threeparttablex.sty
Package: threeparttablex 2013/07/23 v0.3 by daleif
(/Users/brettell/Library/TinyTeX/texmf-dist/tex/latex/environ/environ.sty
Package: environ 2014/05/04 v0.3 A new way to define environments
(/Users/brettell/Library/TinyTeX/texmf-dist/tex/latex/trimspaces/trimspaces.sty
Package: trimspaces 2009/09/17 v1.1 Trim spaces around a token list
))
\TPTL@width=\skip74
) (/Users/brettell/Library/TinyTeX/texmf-dist/tex/generic/ulem/ulem.sty
\UL@box=\box76
\UL@hyphenbox=\box77
\UL@skip=\skip75
\UL@hook=\toks33
\UL@height=\dimen273
\UL@pe=\count329
\UL@pixel=\dimen274
\ULC@box=\box78
Package: ulem 2019/11/18
\ULdepth=\dimen275
) (/Users/brettell/Library/TinyTeX/texmf-dist/tex/latex/makecell/makecell.sty
Package: makecell 2009/08/03 V0.1e Managing of Tab Column Heads and Cells
\rotheadsize=\dimen276
\c@nlinenum=\count330
\TeXr@lab=\toks34
) (/Users/brettell/Library/TinyTeX/texmf-dist/tex/latex/hyperref/hyperref.sty
Package: hyperref 2022-06-20 v7.00s Hypertext links for LaTeX
(/Users/brettell/Library/TinyTeX/texmf-dist/tex/generic/ltxcmds/ltxcmds.sty
Package: ltxcmds 2020-05-10 v1.25 LaTeX kernel commands for general use (HO)
) (/Users/brettell/Library/TinyTeX/texmf-dist/tex/generic/pdftexcmds/pdftexcmds.sty
Package: pdftexcmds 2020-06-27 v0.33 Utility functions of pdfTeX for LuaTeX (HO)
(/Users/brettell/Library/TinyTeX/texmf-dist/tex/generic/infwarerr/infwarerr.sty
Package: infwarerr 2019/12/03 v1.5 Providing info/warning/error messages (HO)
)
Package pdftexcmds Info: \pdf@primitive is available.
Package pdftexcmds Info: \pdf@ifprimitive is available.
Package pdftexcmds Info: \pdfdraftmode not found.
) (/Users/brettell/Library/TinyTeX/texmf-dist/tex/generic/kvsetkeys/kvsetkeys.sty
Package: kvsetkeys 2019/12/15 v1.18 Key value parser (HO)
) (/Users/brettell/Library/TinyTeX/texmf-dist/tex/generic/kvdefinekeys/kvdefinekeys.sty
Package: kvdefinekeys 2019-12-19 v1.6 Define keys (HO)
) (/Users/brettell/Library/TinyTeX/texmf-dist/tex/generic/pdfescape/pdfescape.sty
Package: pdfescape 2019/12/09 v1.15 Implements pdfTeX's escape features (HO)
) (/Users/brettell/Library/TinyTeX/texmf-dist/tex/latex/hycolor/hycolor.sty
Package: hycolor 2020-01-27 v1.10 Color options for hyperref/bookmark (HO)
) (/Users/brettell/Library/TinyTeX/texmf-dist/tex/latex/letltxmacro/letltxmacro.sty
Package: letltxmacro 2019/12/03 v1.6 Let assignment for LaTeX macros (HO)
) (/Users/brettell/Library/TinyTeX/texmf-dist/tex/latex/auxhook/auxhook.sty
Package: auxhook 2019-12-17 v1.6 Hooks for auxiliary files (HO)
) (/Users/brettell/Library/TinyTeX/texmf-dist/tex/latex/hyperref/nameref.sty
Package: nameref 2022-05-17 v2.50 Cross-referencing by name of section
(/Users/brettell/Library/TinyTeX/texmf-dist/tex/latex/refcount/refcount.sty
Package: refcount 2019/12/15 v3.6 Data extraction from label references (HO)
) (/Users/brettell/Library/TinyTeX/texmf-dist/tex/generic/gettitlestring/gettitlestring.sty
Package: gettitlestring 2019/12/15 v1.6 Cleanup title references (HO)
(/Users/brettell/Library/TinyTeX/texmf-dist/tex/latex/kvoptions/kvoptions.sty
Package: kvoptions 2022-06-15 v3.15 Key value format for package options (HO)
))
\c@section@level=\count331
)
\@linkdim=\dimen277
\Hy@linkcounter=\count332
\Hy@pagecounter=\count333
(/Users/brettell/Library/TinyTeX/texmf-dist/tex/latex/hyperref/pd1enc.def
File: pd1enc.def 2022-06-20 v7.00s Hyperref: PDFDocEncoding definition (HO)
) (/Users/brettell/Library/TinyTeX/texmf-dist/tex/generic/intcalc/intcalc.sty
Package: intcalc 2019/12/15 v1.3 Expandable calculations with integers (HO)
) (/Users/brettell/Library/TinyTeX/texmf-dist/tex/generic/etexcmds/etexcmds.sty
Package: etexcmds 2019/12/15 v1.7 Avoid name clashes with e-TeX commands (HO)
)
\Hy@SavedSpaceFactor=\count334
(/Users/brettell/Library/TinyTeX/texmf-dist/tex/latex/hyperref/puenc.def
File: puenc.def 2022-06-20 v7.00s Hyperref: PDF Unicode definition (HO)
)
Package hyperref Info: Option `unicode' set `true' on input line 4045.
Package hyperref Info: Hyper figures OFF on input line 4162.
Package hyperref Info: Link nesting OFF on input line 4167.
Package hyperref Info: Hyper index ON on input line 4170.
Package hyperref Info: Plain pages OFF on input line 4177.
Package hyperref Info: Backreferencing OFF on input line 4182.
Package hyperref Info: Implicit mode ON; LaTeX internals redefined.
Package hyperref Info: Bookmarks ON on input line 4408.
\c@Hy@tempcnt=\count335
(/Users/brettell/Library/TinyTeX/texmf-dist/tex/latex/url/url.sty
\Urlmuskip=\muskip21
Package: url 2013/09/16  ver 3.4  Verb mode for urls, etc.
)
LaTeX Info: Redefining \url on input line 4746.
\XeTeXLinkMargin=\dimen278
(/Users/brettell/Library/TinyTeX/texmf-dist/tex/generic/bitset/bitset.sty
Package: bitset 2019/12/09 v1.3 Handle bit-vector datatype (HO)
(/Users/brettell/Library/TinyTeX/texmf-dist/tex/generic/bigintcalc/bigintcalc.sty
Package: bigintcalc 2019/12/15 v1.5 Expandable calculations on big integers (HO)
))
\Fld@menulength=\count336
\Field@Width=\dimen279
\Fld@charsize=\dimen280
Package hyperref Info: Hyper figures OFF on input line 6024.
Package hyperref Info: Link nesting OFF on input line 6029.
Package hyperref Info: Hyper index ON on input line 6032.
Package hyperref Info: backreferencing OFF on input line 6039.
Package hyperref Info: Link coloring OFF on input line 6044.
Package hyperref Info: Link coloring with OCG OFF on input line 6049.
Package hyperref Info: PDF/A mode OFF on input line 6054.
\Hy@abspage=\count337
\c@Item=\count338
\c@Hfootnote=\count339
)
Package hyperref Info: Driver (autodetected): hxetex.
(/Users/brettell/Library/TinyTeX/texmf-dist/tex/latex/hyperref/hxetex.def
File: hxetex.def 2022-06-20 v7.00s Hyperref driver for XeTeX
(/Users/brettell/Library/TinyTeX/texmf-dist/tex/generic/stringenc/stringenc.sty
Package: stringenc 2019/11/29 v1.12 Convert strings between diff. encodings (HO)
)
\pdfm@box=\box79
\c@Hy@AnnotLevel=\count340
\HyField@AnnotCount=\count341
\Fld@listcount=\count342
\c@bookmark@seq@number=\count343
(/Users/brettell/Library/TinyTeX/texmf-dist/tex/latex/rerunfilecheck/rerunfilecheck.sty
Package: rerunfilecheck 2022-07-10 v1.10 Rerun checks for auxiliary files (HO)
(/Users/brettell/Library/TinyTeX/texmf-dist/tex/latex/base/atveryend-ltx.sty
Package: atveryend-ltx 2020/08/19 v1.0a Emulation of the original atveryend package
with kernel methods
) (/Users/brettell/Library/TinyTeX/texmf-dist/tex/generic/uniquecounter/uniquecounter.sty
Package: uniquecounter 2019/12/15 v1.4 Provide unlimited unique counter (HO)
)
Package uniquecounter Info: New unique counter `rerunfilecheck' on input line 285.
)
\Hy@SectionHShift=\skip76
) (./PhD-thesis.aux)
\openout1 = `PhD-thesis.aux'.

LaTeX Font Info:    Checking defaults for OML/cmm/m/it on input line 187.
LaTeX Font Info:    ... okay on input line 187.
LaTeX Font Info:    Checking defaults for OMS/cmsy/m/n on input line 187.
LaTeX Font Info:    ... okay on input line 187.
LaTeX Font Info:    Checking defaults for OT1/cmr/m/n on input line 187.
LaTeX Font Info:    ... okay on input line 187.
LaTeX Font Info:    Checking defaults for T1/cmr/m/n on input line 187.
LaTeX Font Info:    ... okay on input line 187.
LaTeX Font Info:    Checking defaults for TS1/cmr/m/n on input line 187.
LaTeX Font Info:    ... okay on input line 187.
LaTeX Font Info:    Checking defaults for TU/lmr/m/n on input line 187.
LaTeX Font Info:    ... okay on input line 187.
LaTeX Font Info:    Checking defaults for OMX/cmex/m/n on input line 187.
LaTeX Font Info:    ... okay on input line 187.
LaTeX Font Info:    Checking defaults for U/cmr/m/n on input line 187.
LaTeX Font Info:    ... okay on input line 187.
LaTeX Font Info:    Checking defaults for PD1/pdf/m/n on input line 187.
LaTeX Font Info:    ... okay on input line 187.
LaTeX Font Info:    Checking defaults for PU/pdf/m/n on input line 187.
LaTeX Font Info:    ... okay on input line 187.
LaTeX Font Info:    Overwriting math alphabet `\mathsf' in version `normal'
(Font)                  OT1/lmss/m/n --> TU/lmss/m/n on input line 187.
LaTeX Font Info:    Overwriting math alphabet `\mathsf' in version `bold'
(Font)                  OT1/lmss/bx/n --> TU/lmss/b/n on input line 187.
LaTeX Font Info:    Overwriting math alphabet `\mathtt' in version `normal'
(Font)                  OT1/lmtt/m/n --> TU/lmtt/m/n on input line 187.
LaTeX Font Info:    Overwriting math alphabet `\mathtt' in version `bold'
(Font)                  OT1/lmtt/m/n --> TU/lmtt/b/n on input line 187.

Package fontspec Info: latinmodern-math scale = 1.2296954269793.


Package fontspec Info: latinmodern-math scale = 1.2296954269793.


Package fontspec Info: latinmodern-math scale = 1.2296954269793.


Package fontspec Info: Font family 'latinmodern-math.otf(0)' created for font
(fontspec)             'latinmodern-math.otf' with options
(fontspec)             [Scale=MatchLowercase,BoldItalicFont={},ItalicFont={},SmallCapsFont={},Script=Math,BoldFont={latinmodern-math.otf}].
(fontspec)              
(fontspec)              This font family consists of the following NFSS
(fontspec)             series/shapes:
(fontspec)              
(fontspec)             - 'normal' (m/n) with NFSS spec.:
(fontspec)             <->s*[1.2296954269793]"[latinmodern-math.otf]/OT:script=math;language=dflt;"
(fontspec)             - 'small caps'  (m/sc) with NFSS spec.: 
(fontspec)             - 'bold' (b/n) with NFSS spec.:
(fontspec)             <->s*[1.2296954269793]"[latinmodern-math.otf]/OT:script=math;language=dflt;"
(fontspec)             - 'bold small caps'  (b/sc) with NFSS spec.: 

LaTeX Font Info:    Font shape `TU/latinmodern-math.otf(0)/m/n' will be
(Font)              scaled to size 12.2969pt on input line 187.

Package fontspec Info: latinmodern-math scale = 1.2296954269793.


Package fontspec Info: latinmodern-math scale = 1.2296954269793.


Package fontspec Info: latinmodern-math scale = 1.2296954269793.


Package fontspec Info: latinmodern-math scale = 1.2296954269793.


Package fontspec Info: latinmodern-math scale = 1.2296954269793.


Package fontspec Info: Font family 'latinmodern-math.otf(1)' created for font
(fontspec)             'latinmodern-math.otf' with options
(fontspec)             [Scale=MatchLowercase,BoldItalicFont={},ItalicFont={},SmallCapsFont={},Script=Math,SizeFeatures={{Size=8.5-},{Size=6-8.5,Font=latinmodern-math.otf,Style=MathScript},{Size=-6,Font=latinmodern-math.otf,Style=MathScriptScript}},BoldFont={latinmodern-math.otf}].
(fontspec)              
(fontspec)              This font family consists of the following NFSS
(fontspec)             series/shapes:
(fontspec)              
(fontspec)             - 'normal' (m/n) with NFSS spec.:
(fontspec)             <8.5->s*[1.2296954269793]"[latinmodern-math.otf]/OT:script=math;language=dflt;"<6-8.5>s*[1.2296954269793]"[latinmodern-math.otf]/OT:script=math;language=dflt;+ssty=0;"<-6>s*[1.2296954269793]"[latinmodern-math.otf]/OT:script=math;language=dflt;+ssty=1;"
(fontspec)             - 'small caps'  (m/sc) with NFSS spec.: 
(fontspec)             - 'bold' (b/n) with NFSS spec.:
(fontspec)             <->s*[1.2296954269793]"[latinmodern-math.otf]/OT:script=math;language=dflt;"
(fontspec)             - 'bold small caps'  (b/sc) with NFSS spec.: 

LaTeX Font Info:    Font shape `TU/latinmodern-math.otf(1)/m/n' will be
(Font)              scaled to size 12.2969pt on input line 187.
LaTeX Font Info:    Encoding `OT1' has changed to `TU' for symbol font
(Font)              `operators' in the math version `normal' on input line 187.
LaTeX Font Info:    Overwriting symbol font `operators' in version `normal'
(Font)                  OT1/lmr/m/n --> TU/latinmodern-math.otf(1)/m/n on input line 187.
LaTeX Font Info:    Encoding `OT1' has changed to `TU' for symbol font
(Font)              `operators' in the math version `bold' on input line 187.
LaTeX Font Info:    Overwriting symbol font `operators' in version `bold'
(Font)                  OT1/lmr/bx/n --> TU/latinmodern-math.otf(1)/b/n on input line 187.

Package fontspec Info: latinmodern-math scale = 1.2296954269793.


Package fontspec Info: latinmodern-math scale = 1.229818396521998.


Package fontspec Info: latinmodern-math scale = 1.2296954269793.


Package fontspec Info: latinmodern-math scale = 1.229818396521998.


Package fontspec Info: latinmodern-math scale = 1.2296954269793.


Package fontspec Info: latinmodern-math scale = 1.229818396521998.


Package fontspec Info: latinmodern-math scale = 1.2296954269793.


Package fontspec Info: latinmodern-math scale = 1.229818396521998.


Package fontspec Info: latinmodern-math scale = 1.2296954269793.


Package fontspec Info: latinmodern-math scale = 1.229818396521998.


Package fontspec Info: Font family 'latinmodern-math.otf(2)' created for font
(fontspec)             'latinmodern-math.otf' with options
(fontspec)             [Scale=MatchLowercase,BoldItalicFont={},ItalicFont={},SmallCapsFont={},Script=Math,SizeFeatures={{Size=8.5-},{Size=6-8.5,Font=latinmodern-math.otf,Style=MathScript},{Size=-6,Font=latinmodern-math.otf,Style=MathScriptScript}},BoldFont={latinmodern-math.otf},ScaleAgain=1.0001,FontAdjustment={\fontdimen
(fontspec)             8\font =8.32501pt\relax \fontdimen 9\font
(fontspec)             =4.84499pt\relax \fontdimen 10\font =5.45982pt\relax
(fontspec)             \fontdimen 11\font =8.43568pt\relax \fontdimen 12\font
(fontspec)             =4.24243pt\relax \fontdimen 13\font =4.46378pt\relax
(fontspec)             \fontdimen 14\font =4.46378pt\relax \fontdimen 15\font
(fontspec)             =3.5538pt\relax \fontdimen 16\font =3.03734pt\relax
(fontspec)             \fontdimen 17\font =3.03734pt\relax \fontdimen 18\font
(fontspec)             =3.07423pt\relax \fontdimen 19\font =2.45938pt\relax
(fontspec)             \fontdimen 22\font =3.07423pt\relax \fontdimen 20\font
(fontspec)             =0pt\relax \fontdimen 21\font =0pt\relax }].
(fontspec)              
(fontspec)              This font family consists of the following NFSS
(fontspec)             series/shapes:
(fontspec)              
(fontspec)             - 'normal' (m/n) with NFSS spec.:
(fontspec)             <8.5->s*[1.229818396521998]"[latinmodern-math.otf]/OT:script=math;language=dflt;"<6-8.5>s*[1.229818396521998]"[latinmodern-math.otf]/OT:script=math;language=dflt;+ssty=0;"<-6>s*[1.229818396521998]"[latinmodern-math.otf]/OT:script=math;language=dflt;+ssty=1;"
(fontspec)             - 'small caps'  (m/sc) with NFSS spec.: 
(fontspec)             and font adjustment code:
(fontspec)             \fontdimen 8\font =8.32501pt\relax \fontdimen 9\font
(fontspec)             =4.84499pt\relax \fontdimen 10\font =5.45982pt\relax
(fontspec)             \fontdimen 11\font =8.43568pt\relax \fontdimen 12\font
(fontspec)             =4.24243pt\relax \fontdimen 13\font =4.46378pt\relax
(fontspec)             \fontdimen 14\font =4.46378pt\relax \fontdimen 15\font
(fontspec)             =3.5538pt\relax \fontdimen 16\font =3.03734pt\relax
(fontspec)             \fontdimen 17\font =3.03734pt\relax \fontdimen 18\font
(fontspec)             =3.07423pt\relax \fontdimen 19\font =2.45938pt\relax
(fontspec)             \fontdimen 22\font =3.07423pt\relax \fontdimen 20\font
(fontspec)             =0pt\relax \fontdimen 21\font =0pt\relax 
(fontspec)             - 'bold' (b/n) with NFSS spec.:
(fontspec)             <->s*[1.229818396521998]"[latinmodern-math.otf]/OT:script=math;language=dflt;"
(fontspec)             - 'bold small caps'  (b/sc) with NFSS spec.: 
(fontspec)             and font adjustment code:
(fontspec)             \fontdimen 8\font =8.32501pt\relax \fontdimen 9\font
(fontspec)             =4.84499pt\relax \fontdimen 10\font =5.45982pt\relax
(fontspec)             \fontdimen 11\font =8.43568pt\relax \fontdimen 12\font
(fontspec)             =4.24243pt\relax \fontdimen 13\font =4.46378pt\relax
(fontspec)             \fontdimen 14\font =4.46378pt\relax \fontdimen 15\font
(fontspec)             =3.5538pt\relax \fontdimen 16\font =3.03734pt\relax
(fontspec)             \fontdimen 17\font =3.03734pt\relax \fontdimen 18\font
(fontspec)             =3.07423pt\relax \fontdimen 19\font =2.45938pt\relax
(fontspec)             \fontdimen 22\font =3.07423pt\relax \fontdimen 20\font
(fontspec)             =0pt\relax \fontdimen 21\font =0pt\relax 

LaTeX Font Info:    Encoding `OMS' has changed to `TU' for symbol font
(Font)              `symbols' in the math version `normal' on input line 187.
LaTeX Font Info:    Overwriting symbol font `symbols' in version `normal'
(Font)                  OMS/lmsy/m/n --> TU/latinmodern-math.otf(2)/m/n on input line 187.
LaTeX Font Info:    Encoding `OMS' has changed to `TU' for symbol font
(Font)              `symbols' in the math version `bold' on input line 187.
LaTeX Font Info:    Overwriting symbol font `symbols' in version `bold'
(Font)                  OMS/lmsy/b/n --> TU/latinmodern-math.otf(2)/b/n on input line 187.

Package fontspec Info: latinmodern-math scale = 1.2296954269793.


Package fontspec Info: latinmodern-math scale = 1.229572457436602.


Package fontspec Info: latinmodern-math scale = 1.2296954269793.


Package fontspec Info: latinmodern-math scale = 1.229572457436602.


Package fontspec Info: latinmodern-math scale = 1.2296954269793.


Package fontspec Info: latinmodern-math scale = 1.229572457436602.


Package fontspec Info: latinmodern-math scale = 1.2296954269793.


Package fontspec Info: latinmodern-math scale = 1.229572457436602.


Package fontspec Info: latinmodern-math scale = 1.2296954269793.


Package fontspec Info: latinmodern-math scale = 1.229572457436602.


Package fontspec Info: Font family 'latinmodern-math.otf(3)' created for font
(fontspec)             'latinmodern-math.otf' with options
(fontspec)             [Scale=MatchLowercase,BoldItalicFont={},ItalicFont={},SmallCapsFont={},Script=Math,SizeFeatures={{Size=8.5-},{Size=6-8.5,Font=latinmodern-math.otf,Style=MathScript},{Size=-6,Font=latinmodern-math.otf,Style=MathScriptScript}},BoldFont={latinmodern-math.otf},ScaleAgain=0.9999,FontAdjustment={\fontdimen
(fontspec)             8\font =0.49188pt\relax \fontdimen 9\font
(fontspec)             =2.45938pt\relax \fontdimen 10\font =2.05359pt\relax
(fontspec)             \fontdimen 11\font =1.36496pt\relax \fontdimen 12\font
(fontspec)             =7.37814pt\relax \fontdimen 13\font =0pt\relax }].
(fontspec)              
(fontspec)              This font family consists of the following NFSS
(fontspec)             series/shapes:
(fontspec)              
(fontspec)             - 'normal' (m/n) with NFSS spec.:
(fontspec)             <8.5->s*[1.229572457436602]"[latinmodern-math.otf]/OT:script=math;language=dflt;"<6-8.5>s*[1.229572457436602]"[latinmodern-math.otf]/OT:script=math;language=dflt;+ssty=0;"<-6>s*[1.229572457436602]"[latinmodern-math.otf]/OT:script=math;language=dflt;+ssty=1;"
(fontspec)             - 'small caps'  (m/sc) with NFSS spec.: 
(fontspec)             and font adjustment code:
(fontspec)             \fontdimen 8\font =0.49188pt\relax \fontdimen 9\font
(fontspec)             =2.45938pt\relax \fontdimen 10\font =2.05359pt\relax
(fontspec)             \fontdimen 11\font =1.36496pt\relax \fontdimen 12\font
(fontspec)             =7.37814pt\relax \fontdimen 13\font =0pt\relax 
(fontspec)             - 'bold' (b/n) with NFSS spec.:
(fontspec)             <->s*[1.229572457436602]"[latinmodern-math.otf]/OT:script=math;language=dflt;"
(fontspec)             - 'bold small caps'  (b/sc) with NFSS spec.: 
(fontspec)             and font adjustment code:
(fontspec)             \fontdimen 8\font =0.49188pt\relax \fontdimen 9\font
(fontspec)             =2.45938pt\relax \fontdimen 10\font =2.05359pt\relax
(fontspec)             \fontdimen 11\font =1.36496pt\relax \fontdimen 12\font
(fontspec)             =7.37814pt\relax \fontdimen 13\font =0pt\relax 

LaTeX Font Info:    Encoding `OMX' has changed to `TU' for symbol font
(Font)              `largesymbols' in the math version `normal' on input line 187.
LaTeX Font Info:    Overwriting symbol font `largesymbols' in version `normal'
(Font)                  OMX/lmex/m/n --> TU/latinmodern-math.otf(3)/m/n on input line 187.
LaTeX Font Info:    Encoding `OMX' has changed to `TU' for symbol font
(Font)              `largesymbols' in the math version `bold' on input line 187.
LaTeX Font Info:    Overwriting symbol font `largesymbols' in version `bold'
(Font)                  OMX/lmex/m/n --> TU/latinmodern-math.otf(3)/b/n on input line 187.
*geometry* driver: auto-detecting
*geometry* detected driver: xetex
*geometry* verbose mode - [ preamble ] result:
* driver: xetex
* paper: <default>
* layout: <same size as paper>
* layoutoffset:(h,v)=(0.0pt,0.0pt)
* modes: twoside 
* h-part:(L,W,R)=(113.81102pt, 415.12572pt, 85.35826pt)
* v-part:(T,H,B)=(71.13188pt, 652.70622pt, 71.13188pt)
* \paperwidth=614.295pt
* \paperheight=794.96999pt
* \textwidth=415.12572pt
* \textheight=652.70622pt
* \oddsidemargin=41.54103pt
* \evensidemargin=13.08827pt
* \topmargin=-31.2056pt
* \headheight=12.0pt
* \headsep=18.06749pt
* \topskip=10.0pt
* \footskip=25.29494pt
* \marginparwidth=125.0pt
* \marginparsep=7.0pt
* \columnsep=10.0pt
* \skip\footins=9.0pt plus 4.0pt minus 2.0pt
* \hoffset=0.0pt
* \voffset=0.0pt
* \mag=1000
* \@twocolumnfalse
* \@twosidetrue
* \@mparswitchtrue
* \@reversemarginfalse
* (1in=72.27pt=25.4mm, 1cm=28.453pt)

\c@lstlisting=\count344
Package caption Info: Begin \AtBeginDocument code.
Package caption Info: hyperref package is loaded.
Package caption Info: threeparttable package is loaded.
Package caption Info: wrapfig package is loaded.
Package caption Info: End \AtBeginDocument code.
Package hyperref Info: Link coloring OFF on input line 187.
(./PhD-thesis.out) (./PhD-thesis.out)
\@outlinefile=\write3
\openout3 = `PhD-thesis.out'.

File: /Users/brettell/Documents/Repositories/PhD-thesis/book/figs/title/Arms_PembrokeCollege_Cambridge.pdf Graphic file (type pdf)
<use /Users/brettell/Documents/Repositories/PhD-thesis/book/figs/title/Arms_PembrokeCollege_Cambridge.pdf>
LaTeX Font Info:    Font shape `TU/LibreBaskerville(0)/m/n' will be
(Font)              scaled to size 17.28pt on input line 189.
LaTeX Font Info:    Font shape `TU/LibreBaskerville(0)/m/n' will be
(Font)              scaled to size 12.0pt on input line 189.
LaTeX Font Info:    Font shape `TU/latinmodern-math.otf(1)/m/n' will be
(Font)              scaled to size 14.75629pt on input line 189.
LaTeX Font Info:    Font shape `TU/latinmodern-math.otf(1)/m/n' will be
(Font)              scaled to size 9.83752pt on input line 189.
LaTeX Font Info:    Font shape `TU/latinmodern-math.otf(1)/m/n' will be
(Font)              scaled to size 7.37814pt on input line 189.
LaTeX Font Info:    Trying to load font information for OML+lmm on input line 189.
(/Users/brettell/Library/TinyTeX/texmf-dist/tex/latex/lm/omllmm.fd
File: omllmm.fd 2015/05/01 v1.6.1 Font defs for Latin Modern
)
LaTeX Font Info:    Font shape `TU/latinmodern-math.otf(2)/m/n' will be
(Font)              scaled to size 14.75775pt on input line 189.
LaTeX Font Info:    Font shape `TU/latinmodern-math.otf(2)/m/n' will be
(Font)              scaled to size 9.8385pt on input line 189.
LaTeX Font Info:    Font shape `TU/latinmodern-math.otf(2)/m/n' will be
(Font)              scaled to size 7.37888pt on input line 189.
LaTeX Font Info:    Font shape `TU/latinmodern-math.otf(3)/m/n' will be
(Font)              scaled to size 14.75482pt on input line 189.
LaTeX Font Info:    Font shape `TU/latinmodern-math.otf(3)/m/n' will be
(Font)              scaled to size 9.83655pt on input line 189.
LaTeX Font Info:    Font shape `TU/latinmodern-math.otf(3)/m/n' will be
(Font)              scaled to size 7.37741pt on input line 189.
LaTeX Font Info:    Trying to load font information for U+msa on input line 189.
(/Users/brettell/Library/TinyTeX/texmf-dist/tex/latex/amsfonts/umsa.fd
File: umsa.fd 2013/01/14 v3.01 AMS symbols A
)
LaTeX Font Info:    Trying to load font information for U+msb on input line 189.
(/Users/brettell/Library/TinyTeX/texmf-dist/tex/latex/amsfonts/umsb.fd
File: umsb.fd 2013/01/14 v3.01 AMS symbols B
)
File: /Users/brettell/Documents/Repositories/PhD-thesis/book/figs/title/cambridge_university2.pdf Graphic file (type pdf)
<use /Users/brettell/Documents/Repositories/PhD-thesis/book/figs/title/cambridge_university2.pdf>
File: /Users/brettell/Documents/Repositories/PhD-thesis/book/figs/title/EMBL_EBI_Logo_black.pdf Graphic file (type pdf)
<use /Users/brettell/Documents/Repositories/PhD-thesis/book/figs/title/EMBL_EBI_Logo_black.pdf>
[1


]
LaTeX Font Info:    Font shape `TU/LibreBaskerville(0)/m/sl' in size <10> not available
(Font)              Font shape `TU/LibreBaskerville(0)/m/it' tried instead on input line 192.
LaTeX Font Info:    Font shape `TU/LibreBaskerville(0)/m/it' will be
(Font)              scaled to size 10.0pt on input line 192.
[2

]
LaTeX Font Info:    Font shape `TU/LibreBaskerville(0)/m/n' will be
(Font)              scaled to size 24.88pt on input line 192.
LaTeX Font Info:    Font shape `TU/LibreBaskerville(0)/b/n' will be
(Font)              scaled to size 24.88pt on input line 192.
(./PhD-thesis.toc
LaTeX Font Info:    Font shape `TU/LibreBaskerville(0)/b/n' will be
(Font)              scaled to size 10.0pt on input line 1.
LaTeX Font Info:    Font shape `TU/latinmodern-math.otf(1)/m/n' will be
(Font)              scaled to size 8.60783pt on input line 2.
LaTeX Font Info:    Font shape `TU/latinmodern-math.otf(1)/m/n' will be
(Font)              scaled to size 6.14845pt on input line 2.
LaTeX Font Info:    Font shape `TU/latinmodern-math.otf(2)/m/n' will be
(Font)              scaled to size 12.29813pt on input line 2.
LaTeX Font Info:    Font shape `TU/latinmodern-math.otf(2)/m/n' will be
(Font)              scaled to size 8.60869pt on input line 2.
LaTeX Font Info:    Font shape `TU/latinmodern-math.otf(2)/m/n' will be
(Font)              scaled to size 6.14906pt on input line 2.
LaTeX Font Info:    Font shape `TU/latinmodern-math.otf(3)/m/n' will be
(Font)              scaled to size 12.29568pt on input line 2.
LaTeX Font Info:    Font shape `TU/latinmodern-math.otf(3)/m/n' will be
(Font)              scaled to size 8.60698pt on input line 2.
LaTeX Font Info:    Font shape `TU/latinmodern-math.otf(3)/m/n' will be
(Font)              scaled to size 6.14784pt on input line 2.
)
\tf@toc=\write4
\openout4 = `PhD-thesis.toc'.

[3] [4

]
LaTeX Font Info:    Font shape `TU/LibreBaskerville(0)/m/n' will be
(Font)              scaled to size 14.4pt on input line 199.
LaTeX Font Info:    Font shape `TU/LibreBaskerville(0)/b/n' will be
(Font)              scaled to size 14.4pt on input line 199.
[5] [6]
Chapter 1.
LaTeX Font Info:    Font shape `TU/LibreBaskerville(0)/m/n' will be
(Font)              scaled to size 20.74pt on input line 218.
LaTeX Font Info:    Font shape `TU/LibreBaskerville(0)/b/n' will be
(Font)              scaled to size 20.74pt on input line 218.

LaTeX Warning: Reference `Pilot-chap' on page 7 undefined on input line 222.


LaTeX Warning: Reference `MIKK-genomes-chap' on page 7 undefined on input line 222.


LaTeX Warning: Reference `pilot-data-collection' on page 7 undefined on input line 227.

[7

]
File: figs/mikk_behaviour/line_mean_speed_0.08_all.pdf Graphic file (type pdf)
<use figs/mikk_behaviour/line_mean_speed_0.08_all.pdf>
LaTeX Font Info:    Font shape `TU/LibreBaskerville(0)/m/n' will be
(Font)              scaled to size 9.0pt on input line 234.
LaTeX Font Info:    Font shape `TU/LibreBaskerville(0)/b/n' will be
(Font)              scaled to size 9.0pt on input line 234.
LaTeX Font Info:    Font shape `TU/LibreBaskerville(0)/m/it' will be
(Font)              scaled to size 9.0pt on input line 234.

Underfull \vbox (badness 10000) has occurred while \output is active []

[8]
Underfull \vbox (badness 10000) has occurred while \output is active []

[9]
File: figs/mikk_behaviour/line_mean_speed_variance_0.08_all.pdf Graphic file (type pdf)
<use figs/mikk_behaviour/line_mean_speed_variance_0.08_all.pdf>
LaTeX Font Info:    Font shape `TU/LibreBaskerville(0)/m/n' will be
(Font)              scaled to size 7.0pt on input line 245.
LaTeX Font Info:    Font shape `TU/LibreBaskerville(0)/m/n' will be
(Font)              scaled to size 8.0pt on input line 245.
LaTeX Font Info:    Font shape `TU/LibreBaskerville(0)/m/n' will be
(Font)              scaled to size 6.0pt on input line 245.
[10]
File: figs/mikk_behaviour/path_plot_22-1_18-2_10-1_300.pdf Graphic file (type pdf)
<use figs/mikk_behaviour/path_plot_22-1_18-2_10-1_300.pdf>

Underfull \vbox (badness 10000) has occurred while \output is active []

[11] [12]
File: figs/mikk_behaviour/select_0.08_15_10-1_dge.pdf Graphic file (type pdf)
<use figs/mikk_behaviour/select_0.08_15_10-1_dge.pdf>
[13]

LaTeX Warning: Reference `Pilot-chap' on page 14 undefined on input line 268.

File: figs/mikk_behaviour/compare_params.pdf Graphic file (type pdf)
<use figs/mikk_behaviour/compare_params.pdf>
File: figs/mikk_behaviour/0.08_17_polar_all_dge.pdf Graphic file (type pdf)
<use figs/mikk_behaviour/0.08_17_polar_all_dge.pdf>
[14

]

LaTeX Warning: Reference `fig:hmm-states-05' on page 15 undefined on input line 284.

[15]
File: figs/mikk_behaviour/0.08_15_polar_all_dge.pdf Graphic file (type pdf)
<use figs/mikk_behaviour/0.08_15_polar_all_dge.pdf>
LaTeX Font Info:    Font shape `TU/latinmodern-math.otf(1)/m/n' will be
(Font)              scaled to size 11.06721pt on input line 289.
LaTeX Font Info:    Font shape `TU/latinmodern-math.otf(2)/m/n' will be
(Font)              scaled to size 11.06831pt on input line 289.
LaTeX Font Info:    Font shape `TU/latinmodern-math.otf(3)/m/n' will be
(Font)              scaled to size 11.06612pt on input line 289.

Underfull \vbox (badness 10000) has occurred while \output is active []

[16] [17]
LaTeX Font Info:    Font shape `TU/LibreBaskerville(0)/b/n' will be
(Font)              scaled to size 12.0pt on input line 300.
File: figs/mikk_behaviour/0.08_15_cooc_box_all.pdf Graphic file (type pdf)
<use figs/mikk_behaviour/0.08_15_cooc_box_all.pdf>

Underfull \vbox (badness 10000) has occurred while \output is active []

[18

]
File: figs/mikk_behaviour/0.08_15_cooc_heatmap.pdf Graphic file (type pdf)
<use figs/mikk_behaviour/0.08_15_cooc_heatmap.pdf>

Underfull \vbox (badness 10000) has occurred while \output is active []

[19]
Overfull \vbox (23.98915pt too high) has occurred while \output is active []

[20]
LaTeX Font Info:    Font shape `TU/LibreBaskerville(0)/b/it' will be
(Font)              scaled to size 12.0pt on input line 319.
File: figs/mikk_behaviour/0.08_15_deviation.pdf Graphic file (type pdf)
<use figs/mikk_behaviour/0.08_15_deviation.pdf>

Underfull \vbox (badness 10000) has occurred while \output is active []

[21] [22]
Underfull \hbox (badness 1496) in paragraph at lines 338--339
\TU/LibreBaskerville(0)/m/n/10 transmission of slow-moving behaviours, I chose two slow-movement/high-
 []

File: figs/mikk_behaviour/line_mean_speed_variance_selected.pdf Graphic file (type pdf)
<use figs/mikk_behaviour/line_mean_speed_variance_selected.pdf>

Underfull \vbox (badness 10000) has occurred while \output is active []

[23] [24]
File: figs/mikk_behaviour/line_selection_schema.pdf Graphic file (type pdf)
<use figs/mikk_behaviour/line_selection_schema.pdf>
[25]

LaTeX Warning: Reference `Pilot-chap' on page 26 undefined on input line 365.

File: figs/mikk_behaviour/select_0.08_15_dge_of.pdf Graphic file (type pdf)
<use figs/mikk_behaviour/select_0.08_15_dge_of.pdf>

Underfull \vbox (badness 10000) has occurred while \output is active []

[26

]
Overfull \vbox (56.98915pt too high) has occurred while \output is active []

[27]
File: figs/mikk_behaviour/select_0.08_15_dge_no.pdf Graphic file (type pdf)
<use figs/mikk_behaviour/select_0.08_15_dge_no.pdf>

Underfull \vbox (badness 10000) has occurred while \output is active []

[28]
Overfull \vbox (56.98915pt too high) has occurred while \output is active []

[29]
File: figs/mikk_behaviour/select_0.08_15_sge_of.pdf Graphic file (type pdf)
<use figs/mikk_behaviour/select_0.08_15_sge_of.pdf>

Underfull \vbox (badness 10000) has occurred while \output is active []

[30]
Overfull \vbox (56.98915pt too high) has occurred while \output is active []

[31]
File: figs/mikk_behaviour/select_0.08_15_sge_no.pdf Graphic file (type pdf)
<use figs/mikk_behaviour/select_0.08_15_sge_no.pdf>

Overfull \vbox (56.98915pt too high) has occurred while \output is active []

[32]

LaTeX Warning: Reference `four-panel-app' on page 33 undefined on input line 446.

[33] [34

]
LaTeX Font Info:    Font shape `TU/LibreBaskerville(0)/b/n' will be
(Font)              scaled to size 8.0pt on input line 491.

LaTeX Warning: Reference `inverse-norm-sec' on page 35 undefined on input line 491.


LaTeX Warning: Reference `Somite-chap' on page 35 undefined on input line 491.

File: figs/mikk_behaviour/0.08_15_state_freq_F2_dge.pdf Graphic file (type pdf)
<use figs/mikk_behaviour/0.08_15_state_freq_F2_dge.pdf>

Underfull \vbox (badness 10000) has occurred while \output is active []

[35]
File: figs/mikk_behaviour/0.08_15_state_freq_F2_sge.pdf Graphic file (type pdf)
<use figs/mikk_behaviour/0.08_15_state_freq_F2_sge.pdf>

Underfull \vbox (badness 10000) has occurred while \output is active []

[36]

LaTeX Warning: Reference `Somite-chap' on page 37 undefined on input line 510.

[37]

LaTeX Warning: Reference `Somite-chap' on page 38 undefined on input line 512.


LaTeX Warning: Reference `fig:F2-recomb-blocks-missing' on page 38 undefined on input line 512.

File: figs/mikk_behaviour/karyoplot_no_missing.pdf Graphic file (type pdf)
<use figs/mikk_behaviour/karyoplot_no_missing.pdf>

Underfull \vbox (badness 10000) has occurred while \output is active []

[38]

LaTeX Warning: Reference `MIKK-genomes-chap' on page 39 undefined on input line 524.

[39]
LaTeX Font Info:    Font shape `TU/LibreBaskerville(0)/m/n' will be
(Font)              scaled to size 5.0pt on input line 529.

LaTeX Warning: Reference `fig:loco-grm-chr1' on page 40 undefined on input line 531.

File: figs/mikk_behaviour/grm_man_0.8.pdf Graphic file (type pdf)
<use figs/mikk_behaviour/grm_man_0.8.pdf>

Underfull \vbox (badness 10000) has occurred while \output is active []

[40] [41]
File: figs/mikk_behaviour/manhattans/dge_no_3_time-quadrant.png Graphic file (type bmp)
<figs/mikk_behaviour/manhattans/dge_no_3_time-quadrant.png>

Underfull \vbox (badness 10000) has occurred while \output is active []

[42]
File: figs/mikk_behaviour/manhattans/sge_of_13_time-quadrant.png Graphic file (type bmp)
<figs/mikk_behaviour/manhattans/sge_of_13_time-quadrant.png>

Underfull \vbox (badness 10000) has occurred while \output is active []

[43] [44]
File: figs/mikk_behaviour/sig_snps_boxplots/3-10:15319434.pdf Graphic file (type pdf)
<use figs/mikk_behaviour/sig_snps_boxplots/3-10:15319434.pdf>

Underfull \vbox (badness 10000) has occurred while \output is active []

[45] [46]
File: figs/mikk_behaviour/sig_snps_boxplots/13-12:5136828.pdf Graphic file (type pdf)
<use figs/mikk_behaviour/sig_snps_boxplots/13-12:5136828.pdf>
File: figs/mikk_behaviour/sig_snps_boxplots/3-9:9802754.pdf Graphic file (type pdf)
<use figs/mikk_behaviour/sig_snps_boxplots/3-9:9802754.pdf>

Underfull \vbox (badness 10000) has occurred while \output is active []

[47]
File: figs/mikk_behaviour/sig_snps_boxplots/3-10:18537719.pdf Graphic file (type pdf)
<use figs/mikk_behaviour/sig_snps_boxplots/3-10:18537719.pdf>
[48] [49]

LaTeX Warning: Reference `Pilot-chap' on page 50 undefined on input line 694.

[50

]

LaTeX Warning: Reference `Pilot-chap' on page 51 undefined on input line 700.

[51]
File: figs/mikk_behaviour/coverage_F2.pdf Graphic file (type pdf)
<use figs/mikk_behaviour/coverage_F2.pdf>

Underfull \vbox (badness 10000) has occurred while \output is active []

[52]

LaTeX Warning: Reference `Somite-chap' on page 53 undefined on input line 721.

[53]
Underfull \hbox (badness 1158) in paragraph at lines 737--739
\TU/LibreBaskerville(0)/m/n/10 N. Lam, Elizabeth Lim-Melia, Nandini Chandy, et al. 2013. Deletions
 []


Underfull \hbox (badness 1681) in paragraph at lines 737--739
\TU/LibreBaskerville(0)/m/n/10 in Grid2 Lead to a Recessive Syndrome of Cerebellar Ataxia and Tonic
 []

[54]
Missing character: There is no  (U+0392) in font Libre Baskerville/OT:script=latn;language=dflt;mapping=tex-text;!

Underfull \hbox (badness 4048) in paragraph at lines 746--748
[]\TU/LibreBaskerville(0)/m/n/10 Junghans, Dirk, Matthias Heidenreich, Iris Hack, Verdon Taylor, Michael
 []


Underfull \hbox (badness 3386) in paragraph at lines 746--748
\TU/LibreBaskerville(0)/m/n/10 ization to Neuronal Subtypes of Protocadherin 16 in the Mammalian
 []

Missing character: There is no  (U+0393) in font Libre Baskerville/OT:script=latn;language=dflt;mapping=tex-text;!

Underfull \vbox (badness 10000) has occurred while \output is active []

[55] [56] (./PhD-thesis.aux)

LaTeX Warning: There were undefined references.

Package rerunfilecheck Info: File `PhD-thesis.out' has not changed.
(rerunfilecheck)             Checksum: 91C77056371A4266B76C590CCD86F98D;1824.
 ) 
Here is how much of TeX's memory you used:
 22977 strings out of 477747
 440900 string characters out of 5843091
 1022162 words of memory out of 5000000
 43604 multiletter control sequences out of 15000+600000
 476937 words of font info for 108 fonts, out of 8000000 for 9000
 14 hyphenation exceptions out of 8191
 86i,10n,122p,2157b,532s stack positions out of 10000i,1000n,20000p,200000b,200000s

Output written on PhD-thesis.pdf (56 pages).
